{"/Users/riaranderwala/futureproof/project_1/server_1/server.js": {"path":"/Users/riaranderwala/futureproof/project_1/server_1/server.js","statementMap":{"0":{"start":{"line":1,"column":16},"end":{"line":1,"column":34}},"1":{"start":{"line":2,"column":12},"end":{"line":2,"column":21}},"2":{"start":{"line":3,"column":18},"end":{"line":3,"column":53}},"3":{"start":{"line":4,"column":13},"end":{"line":4,"column":28}},"4":{"start":{"line":5,"column":18},"end":{"line":5,"column":47}},"5":{"start":{"line":8,"column":0},"end":{"line":8,"column":23}},"6":{"start":{"line":9,"column":0},"end":{"line":9,"column":15}},"7":{"start":{"line":11,"column":0},"end":{"line":11,"column":23}},"8":{"start":{"line":16,"column":0},"end":{"line":16,"column":21}}},"fnMap":{},"branchMap":{},"s":{"0":1,"1":1,"2":1,"3":1,"4":1,"5":1,"6":1,"7":1,"8":1},"f":{},"b":{},"_coverageSchema":"1a1c01bbd47fc00a2c39e90264f33305004495a9","hash":"ccde7b7358b15ec9f0222dea1a76a6f162b65bb1"}
,"/Users/riaranderwala/futureproof/project_1/server_1/controllers/postRoutes.js": {"path":"/Users/riaranderwala/futureproof/project_1/server_1/controllers/postRoutes.js","statementMap":{"0":{"start":{"line":1,"column":16},"end":{"line":1,"column":34}},"1":{"start":{"line":2,"column":14},"end":{"line":2,"column":30}},"2":{"start":{"line":3,"column":11},"end":{"line":3,"column":24}},"3":{"start":{"line":4,"column":23},"end":{"line":4,"column":38}},"4":{"start":{"line":5,"column":14},"end":{"line":5,"column":30}},"5":{"start":{"line":6,"column":12},"end":{"line":6,"column":26}},"6":{"start":{"line":8,"column":0},"end":{"line":10,"column":3}},"7":{"start":{"line":9,"column":2},"end":{"line":9,"column":26}},"8":{"start":{"line":13,"column":0},"end":{"line":20,"column":3}},"9":{"start":{"line":14,"column":20},"end":{"line":14,"column":66}},"10":{"start":{"line":15,"column":2},"end":{"line":15,"column":75}},"11":{"start":{"line":15,"column":30},"end":{"line":15,"column":75}},"12":{"start":{"line":17,"column":26},"end":{"line":17,"column":47}},"13":{"start":{"line":19,"column":2},"end":{"line":19,"column":56}},"14":{"start":{"line":23,"column":0},"end":{"line":48,"column":3}},"15":{"start":{"line":24,"column":17},"end":{"line":26,"column":4}},"16":{"start":{"line":28,"column":17},"end":{"line":28,"column":42}},"17":{"start":{"line":29,"column":2},"end":{"line":31,"column":3}},"18":{"start":{"line":30,"column":4},"end":{"line":30,"column":53}},"19":{"start":{"line":33,"column":23},"end":{"line":35,"column":3}},"20":{"start":{"line":37,"column":15},"end":{"line":45,"column":3}},"21":{"start":{"line":47,"column":2},"end":{"line":47,"column":36}},"22":{"start":{"line":51,"column":0},"end":{"line":63,"column":3}},"23":{"start":{"line":52,"column":20},"end":{"line":52,"column":66}},"24":{"start":{"line":53,"column":2},"end":{"line":54,"column":59}},"25":{"start":{"line":54,"column":4},"end":{"line":54,"column":59}},"26":{"start":{"line":55,"column":26},"end":{"line":55,"column":47}},"27":{"start":{"line":56,"column":23},"end":{"line":58,"column":3}},"28":{"start":{"line":57,"column":14},"end":{"line":57,"column":39}},"29":{"start":{"line":60,"column":2},"end":{"line":61,"column":58}},"30":{"start":{"line":61,"column":4},"end":{"line":61,"column":58}},"31":{"start":{"line":62,"column":2},"end":{"line":62,"column":40}},"32":{"start":{"line":65,"column":0},"end":{"line":100,"column":3}},"33":{"start":{"line":66,"column":17},"end":{"line":68,"column":4}},"34":{"start":{"line":70,"column":17},"end":{"line":70,"column":42}},"35":{"start":{"line":72,"column":2},"end":{"line":72,"column":69}},"36":{"start":{"line":72,"column":20},"end":{"line":72,"column":69}},"37":{"start":{"line":74,"column":18},"end":{"line":78,"column":3}},"38":{"start":{"line":79,"column":23},"end":{"line":79,"column":69}},"39":{"start":{"line":81,"column":29},"end":{"line":81,"column":53}},"40":{"start":{"line":82,"column":19},"end":{"line":84,"column":3}},"41":{"start":{"line":83,"column":14},"end":{"line":83,"column":43}},"42":{"start":{"line":85,"column":16},"end":{"line":85,"column":61}},"43":{"start":{"line":87,"column":2},"end":{"line":87,"column":57}},"44":{"start":{"line":89,"column":2},"end":{"line":99,"column":4}},"45":{"start":{"line":93,"column":6},"end":{"line":97,"column":7}},"46":{"start":{"line":94,"column":8},"end":{"line":94,"column":51}},"47":{"start":{"line":96,"column":8},"end":{"line":96,"column":59}},"48":{"start":{"line":103,"column":0},"end":{"line":115,"column":3}},"49":{"start":{"line":104,"column":16},"end":{"line":104,"column":62}},"50":{"start":{"line":106,"column":22},"end":{"line":106,"column":39}},"51":{"start":{"line":108,"column":15},"end":{"line":110,"column":4}},"52":{"start":{"line":109,"column":4},"end":{"line":109,"column":41}},"53":{"start":{"line":112,"column":2},"end":{"line":112,"column":69}},"54":{"start":{"line":112,"column":13},"end":{"line":112,"column":69}},"55":{"start":{"line":114,"column":2},"end":{"line":114,"column":26}},"56":{"start":{"line":117,"column":0},"end":{"line":142,"column":3}},"57":{"start":{"line":118,"column":16},"end":{"line":120,"column":3}},"58":{"start":{"line":121,"column":23},"end":{"line":121,"column":69}},"59":{"start":{"line":123,"column":29},"end":{"line":123,"column":53}},"60":{"start":{"line":124,"column":19},"end":{"line":126,"column":3}},"61":{"start":{"line":125,"column":14},"end":{"line":125,"column":43}},"62":{"start":{"line":127,"column":16},"end":{"line":127,"column":61}},"63":{"start":{"line":128,"column":2},"end":{"line":128,"column":47}},"64":{"start":{"line":129,"column":2},"end":{"line":129,"column":54}},"65":{"start":{"line":131,"column":2},"end":{"line":141,"column":4}},"66":{"start":{"line":135,"column":6},"end":{"line":139,"column":7}},"67":{"start":{"line":136,"column":8},"end":{"line":136,"column":51}},"68":{"start":{"line":138,"column":8},"end":{"line":138,"column":58}},"69":{"start":{"line":143,"column":0},"end":{"line":168,"column":3}},"70":{"start":{"line":144,"column":14},"end":{"line":146,"column":3}},"71":{"start":{"line":147,"column":23},"end":{"line":147,"column":69}},"72":{"start":{"line":149,"column":29},"end":{"line":149,"column":53}},"73":{"start":{"line":150,"column":19},"end":{"line":152,"column":3}},"74":{"start":{"line":151,"column":14},"end":{"line":151,"column":43}},"75":{"start":{"line":153,"column":16},"end":{"line":153,"column":61}},"76":{"start":{"line":154,"column":2},"end":{"line":154,"column":47}},"77":{"start":{"line":155,"column":2},"end":{"line":155,"column":51}},"78":{"start":{"line":157,"column":2},"end":{"line":167,"column":4}},"79":{"start":{"line":161,"column":6},"end":{"line":165,"column":7}},"80":{"start":{"line":162,"column":8},"end":{"line":162,"column":51}},"81":{"start":{"line":164,"column":8},"end":{"line":164,"column":57}},"82":{"start":{"line":170,"column":0},"end":{"line":195,"column":3}},"83":{"start":{"line":171,"column":15},"end":{"line":173,"column":3}},"84":{"start":{"line":174,"column":23},"end":{"line":174,"column":69}},"85":{"start":{"line":176,"column":29},"end":{"line":176,"column":53}},"86":{"start":{"line":177,"column":19},"end":{"line":179,"column":3}},"87":{"start":{"line":178,"column":14},"end":{"line":178,"column":43}},"88":{"start":{"line":180,"column":16},"end":{"line":180,"column":61}},"89":{"start":{"line":181,"column":2},"end":{"line":181,"column":47}},"90":{"start":{"line":182,"column":2},"end":{"line":182,"column":51}},"91":{"start":{"line":184,"column":2},"end":{"line":194,"column":4}},"92":{"start":{"line":188,"column":6},"end":{"line":192,"column":7}},"93":{"start":{"line":189,"column":8},"end":{"line":189,"column":51}},"94":{"start":{"line":191,"column":8},"end":{"line":191,"column":56}},"95":{"start":{"line":198,"column":20},"end":{"line":198,"column":66}},"96":{"start":{"line":199,"column":2},"end":{"line":217,"column":3}},"97":{"start":{"line":200,"column":4},"end":{"line":204,"column":7}},"98":{"start":{"line":201,"column":6},"end":{"line":201,"column":73}},"99":{"start":{"line":201,"column":15},"end":{"line":201,"column":73}},"100":{"start":{"line":202,"column":6},"end":{"line":202,"column":26}},"101":{"start":{"line":203,"column":6},"end":{"line":203,"column":33}},"102":{"start":{"line":206,"column":28},"end":{"line":206,"column":49}},"103":{"start":{"line":207,"column":4},"end":{"line":207,"column":37}},"104":{"start":{"line":208,"column":4},"end":{"line":216,"column":6}},"105":{"start":{"line":212,"column":8},"end":{"line":212,"column":75}},"106":{"start":{"line":212,"column":17},"end":{"line":212,"column":75}},"107":{"start":{"line":213,"column":8},"end":{"line":213,"column":28}},"108":{"start":{"line":214,"column":8},"end":{"line":214,"column":35}},"109":{"start":{"line":220,"column":0},"end":{"line":220,"column":23}}},"fnMap":{"0":{"name":"(anonymous_0)","decl":{"start":{"line":8,"column":15},"end":{"line":8,"column":16}},"loc":{"start":{"line":8,"column":29},"end":{"line":10,"column":1}},"line":8},"1":{"name":"(anonymous_1)","decl":{"start":{"line":13,"column":20},"end":{"line":13,"column":21}},"loc":{"start":{"line":13,"column":34},"end":{"line":20,"column":1}},"line":13},"2":{"name":"(anonymous_2)","decl":{"start":{"line":23,"column":21},"end":{"line":23,"column":22}},"loc":{"start":{"line":23,"column":35},"end":{"line":48,"column":1}},"line":23},"3":{"name":"(anonymous_3)","decl":{"start":{"line":51,"column":23},"end":{"line":51,"column":24}},"loc":{"start":{"line":51,"column":37},"end":{"line":63,"column":1}},"line":51},"4":{"name":"(anonymous_4)","decl":{"start":{"line":57,"column":4},"end":{"line":57,"column":5}},"loc":{"start":{"line":57,"column":14},"end":{"line":57,"column":39}},"line":57},"5":{"name":"(anonymous_5)","decl":{"start":{"line":65,"column":36},"end":{"line":65,"column":37}},"loc":{"start":{"line":65,"column":50},"end":{"line":100,"column":1}},"line":65},"6":{"name":"(anonymous_6)","decl":{"start":{"line":83,"column":4},"end":{"line":83,"column":5}},"loc":{"start":{"line":83,"column":14},"end":{"line":83,"column":43}},"line":83},"7":{"name":"(anonymous_7)","decl":{"start":{"line":92,"column":4},"end":{"line":92,"column":5}},"loc":{"start":{"line":92,"column":13},"end":{"line":98,"column":5}},"line":92},"8":{"name":"(anonymous_8)","decl":{"start":{"line":103,"column":35},"end":{"line":103,"column":36}},"loc":{"start":{"line":103,"column":49},"end":{"line":115,"column":1}},"line":103},"9":{"name":"(anonymous_9)","decl":{"start":{"line":108,"column":38},"end":{"line":108,"column":39}},"loc":{"start":{"line":108,"column":48},"end":{"line":110,"column":3}},"line":108},"10":{"name":"(anonymous_10)","decl":{"start":{"line":117,"column":34},"end":{"line":117,"column":35}},"loc":{"start":{"line":117,"column":48},"end":{"line":142,"column":1}},"line":117},"11":{"name":"(anonymous_11)","decl":{"start":{"line":125,"column":4},"end":{"line":125,"column":5}},"loc":{"start":{"line":125,"column":14},"end":{"line":125,"column":43}},"line":125},"12":{"name":"(anonymous_12)","decl":{"start":{"line":134,"column":4},"end":{"line":134,"column":5}},"loc":{"start":{"line":134,"column":13},"end":{"line":140,"column":5}},"line":134},"13":{"name":"(anonymous_13)","decl":{"start":{"line":143,"column":35},"end":{"line":143,"column":36}},"loc":{"start":{"line":143,"column":49},"end":{"line":168,"column":1}},"line":143},"14":{"name":"(anonymous_14)","decl":{"start":{"line":151,"column":4},"end":{"line":151,"column":5}},"loc":{"start":{"line":151,"column":14},"end":{"line":151,"column":43}},"line":151},"15":{"name":"(anonymous_15)","decl":{"start":{"line":160,"column":4},"end":{"line":160,"column":5}},"loc":{"start":{"line":160,"column":13},"end":{"line":166,"column":5}},"line":160},"16":{"name":"(anonymous_16)","decl":{"start":{"line":170,"column":34},"end":{"line":170,"column":35}},"loc":{"start":{"line":170,"column":48},"end":{"line":195,"column":1}},"line":170},"17":{"name":"(anonymous_17)","decl":{"start":{"line":178,"column":4},"end":{"line":178,"column":5}},"loc":{"start":{"line":178,"column":14},"end":{"line":178,"column":43}},"line":178},"18":{"name":"(anonymous_18)","decl":{"start":{"line":187,"column":4},"end":{"line":187,"column":5}},"loc":{"start":{"line":187,"column":13},"end":{"line":193,"column":5}},"line":187},"19":{"name":"savePost","decl":{"start":{"line":197,"column":9},"end":{"line":197,"column":17}},"loc":{"start":{"line":197,"column":42},"end":{"line":218,"column":1}},"line":197},"20":{"name":"(anonymous_20)","decl":{"start":{"line":200,"column":68},"end":{"line":200,"column":69}},"loc":{"start":{"line":200,"column":77},"end":{"line":204,"column":5}},"line":200},"21":{"name":"(anonymous_21)","decl":{"start":{"line":211,"column":6},"end":{"line":211,"column":7}},"loc":{"start":{"line":211,"column":15},"end":{"line":215,"column":7}},"line":211}},"branchMap":{"0":{"loc":{"start":{"line":15,"column":2},"end":{"line":15,"column":75}},"type":"if","locations":[{"start":{"line":15,"column":2},"end":{"line":15,"column":75}},{"start":{"line":15,"column":2},"end":{"line":15,"column":75}}],"line":15},"1":{"loc":{"start":{"line":29,"column":2},"end":{"line":31,"column":3}},"type":"if","locations":[{"start":{"line":29,"column":2},"end":{"line":31,"column":3}},{"start":{"line":29,"column":2},"end":{"line":31,"column":3}}],"line":29},"2":{"loc":{"start":{"line":53,"column":2},"end":{"line":54,"column":59}},"type":"if","locations":[{"start":{"line":53,"column":2},"end":{"line":54,"column":59}},{"start":{"line":53,"column":2},"end":{"line":54,"column":59}}],"line":53},"3":{"loc":{"start":{"line":60,"column":2},"end":{"line":61,"column":58}},"type":"if","locations":[{"start":{"line":60,"column":2},"end":{"line":61,"column":58}},{"start":{"line":60,"column":2},"end":{"line":61,"column":58}}],"line":60},"4":{"loc":{"start":{"line":72,"column":2},"end":{"line":72,"column":69}},"type":"if","locations":[{"start":{"line":72,"column":2},"end":{"line":72,"column":69}},{"start":{"line":72,"column":2},"end":{"line":72,"column":69}}],"line":72},"5":{"loc":{"start":{"line":93,"column":6},"end":{"line":97,"column":7}},"type":"if","locations":[{"start":{"line":93,"column":6},"end":{"line":97,"column":7}},{"start":{"line":93,"column":6},"end":{"line":97,"column":7}}],"line":93},"6":{"loc":{"start":{"line":112,"column":2},"end":{"line":112,"column":69}},"type":"if","locations":[{"start":{"line":112,"column":2},"end":{"line":112,"column":69}},{"start":{"line":112,"column":2},"end":{"line":112,"column":69}}],"line":112},"7":{"loc":{"start":{"line":135,"column":6},"end":{"line":139,"column":7}},"type":"if","locations":[{"start":{"line":135,"column":6},"end":{"line":139,"column":7}},{"start":{"line":135,"column":6},"end":{"line":139,"column":7}}],"line":135},"8":{"loc":{"start":{"line":161,"column":6},"end":{"line":165,"column":7}},"type":"if","locations":[{"start":{"line":161,"column":6},"end":{"line":165,"column":7}},{"start":{"line":161,"column":6},"end":{"line":165,"column":7}}],"line":161},"9":{"loc":{"start":{"line":188,"column":6},"end":{"line":192,"column":7}},"type":"if","locations":[{"start":{"line":188,"column":6},"end":{"line":192,"column":7}},{"start":{"line":188,"column":6},"end":{"line":192,"column":7}}],"line":188},"10":{"loc":{"start":{"line":199,"column":2},"end":{"line":217,"column":3}},"type":"if","locations":[{"start":{"line":199,"column":2},"end":{"line":217,"column":3}},{"start":{"line":199,"column":2},"end":{"line":217,"column":3}}],"line":199},"11":{"loc":{"start":{"line":201,"column":6},"end":{"line":201,"column":73}},"type":"if","locations":[{"start":{"line":201,"column":6},"end":{"line":201,"column":73}},{"start":{"line":201,"column":6},"end":{"line":201,"column":73}}],"line":201},"12":{"loc":{"start":{"line":212,"column":8},"end":{"line":212,"column":75}},"type":"if","locations":[{"start":{"line":212,"column":8},"end":{"line":212,"column":75}},{"start":{"line":212,"column":8},"end":{"line":212,"column":75}}],"line":212}},"s":{"0":1,"1":1,"2":1,"3":1,"4":1,"5":1,"6":1,"7":0,"8":1,"9":1,"10":1,"11":0,"12":1,"13":1,"14":1,"15":1,"16":1,"17":1,"18":0,"19":1,"20":1,"21":1,"22":1,"23":1,"24":1,"25":0,"26":1,"27":1,"28":106,"29":1,"30":0,"31":1,"32":1,"33":0,"34":0,"35":0,"36":0,"37":0,"38":0,"39":0,"40":0,"41":0,"42":0,"43":0,"44":0,"45":0,"46":0,"47":0,"48":1,"49":1,"50":1,"51":1,"52":105,"53":1,"54":1,"55":0,"56":1,"57":0,"58":0,"59":0,"60":0,"61":0,"62":0,"63":0,"64":0,"65":0,"66":0,"67":0,"68":0,"69":1,"70":0,"71":0,"72":0,"73":0,"74":0,"75":0,"76":0,"77":0,"78":0,"79":0,"80":0,"81":0,"82":1,"83":0,"84":0,"85":0,"86":0,"87":0,"88":0,"89":0,"90":0,"91":0,"92":0,"93":0,"94":0,"95":1,"96":1,"97":0,"98":0,"99":0,"100":0,"101":0,"102":1,"103":1,"104":1,"105":1,"106":0,"107":1,"108":1,"109":1},"f":{"0":0,"1":1,"2":1,"3":1,"4":106,"5":0,"6":0,"7":0,"8":1,"9":105,"10":0,"11":0,"12":0,"13":0,"14":0,"15":0,"16":0,"17":0,"18":0,"19":1,"20":0,"21":1},"b":{"0":[0,1],"1":[0,1],"2":[0,1],"3":[0,1],"4":[0,0],"5":[0,0],"6":[1,0],"7":[0,0],"8":[0,0],"9":[0,0],"10":[0,1],"11":[0,0],"12":[0,1]},"_coverageSchema":"1a1c01bbd47fc00a2c39e90264f33305004495a9","hash":"7942256786a225a90adc6c4244ac1fd03b2496dc"}
}
