{"/Users/riaranderwala/futureproof/project_1/server_1/server.js": {"path":"/Users/riaranderwala/futureproof/project_1/server_1/server.js","statementMap":{"0":{"start":{"line":1,"column":16},"end":{"line":1,"column":34}},"1":{"start":{"line":2,"column":12},"end":{"line":2,"column":21}},"2":{"start":{"line":3,"column":18},"end":{"line":3,"column":53}},"3":{"start":{"line":4,"column":13},"end":{"line":4,"column":28}},"4":{"start":{"line":8,"column":0},"end":{"line":8,"column":23}},"5":{"start":{"line":9,"column":0},"end":{"line":9,"column":15}},"6":{"start":{"line":11,"column":0},"end":{"line":11,"column":23}},"7":{"start":{"line":16,"column":0},"end":{"line":16,"column":21}}},"fnMap":{},"branchMap":{},"s":{"0":2,"1":2,"2":2,"3":2,"4":2,"5":2,"6":2,"7":2},"f":{},"b":{},"_coverageSchema":"1a1c01bbd47fc00a2c39e90264f33305004495a9","hash":"db80bc827f8062bebdf511eceb5197a698c1970c"}
,"/Users/riaranderwala/futureproof/project_1/server_1/controllers/postRoutes.js": {"path":"/Users/riaranderwala/futureproof/project_1/server_1/controllers/postRoutes.js","statementMap":{"0":{"start":{"line":1,"column":15},"end":{"line":1,"column":33}},"1":{"start":{"line":2,"column":14},"end":{"line":2,"column":30}},"2":{"start":{"line":3,"column":11},"end":{"line":3,"column":24}},"3":{"start":{"line":4,"column":23},"end":{"line":4,"column":38}},"4":{"start":{"line":5,"column":14},"end":{"line":5,"column":30}},"5":{"start":{"line":6,"column":12},"end":{"line":6,"column":26}},"6":{"start":{"line":10,"column":0},"end":{"line":12,"column":2}},"7":{"start":{"line":11,"column":4},"end":{"line":11,"column":27}},"8":{"start":{"line":15,"column":0},"end":{"line":20,"column":2}},"9":{"start":{"line":16,"column":23},"end":{"line":16,"column":69}},"10":{"start":{"line":17,"column":4},"end":{"line":17,"column":84}},"11":{"start":{"line":17,"column":31},"end":{"line":17,"column":84}},"12":{"start":{"line":19,"column":4},"end":{"line":19,"column":47}},"13":{"start":{"line":23,"column":0},"end":{"line":49,"column":2}},"14":{"start":{"line":25,"column":19},"end":{"line":27,"column":6}},"15":{"start":{"line":29,"column":20},"end":{"line":29,"column":45}},"16":{"start":{"line":30,"column":5},"end":{"line":32,"column":6}},"17":{"start":{"line":31,"column":9},"end":{"line":31,"column":69}},"18":{"start":{"line":34,"column":26},"end":{"line":36,"column":6}},"19":{"start":{"line":38,"column":19},"end":{"line":44,"column":5}},"20":{"start":{"line":46,"column":4},"end":{"line":46,"column":36}},"21":{"start":{"line":52,"column":0},"end":{"line":61,"column":2}},"22":{"start":{"line":53,"column":23},"end":{"line":53,"column":69}},"23":{"start":{"line":54,"column":4},"end":{"line":54,"column":84}},"24":{"start":{"line":54,"column":31},"end":{"line":54,"column":84}},"25":{"start":{"line":55,"column":28},"end":{"line":55,"column":49}},"26":{"start":{"line":56,"column":25},"end":{"line":56,"column":89}},"27":{"start":{"line":56,"column":63},"end":{"line":56,"column":88}},"28":{"start":{"line":58,"column":4},"end":{"line":58,"column":87}},"29":{"start":{"line":58,"column":34},"end":{"line":58,"column":87}},"30":{"start":{"line":59,"column":5},"end":{"line":59,"column":43}},"31":{"start":{"line":63,"column":0},"end":{"line":95,"column":2}},"32":{"start":{"line":65,"column":19},"end":{"line":67,"column":6}},"33":{"start":{"line":69,"column":19},"end":{"line":69,"column":44}},"34":{"start":{"line":71,"column":4},"end":{"line":71,"column":81}},"35":{"start":{"line":71,"column":21},"end":{"line":71,"column":81}},"36":{"start":{"line":73,"column":20},"end":{"line":77,"column":5}},"37":{"start":{"line":78,"column":25},"end":{"line":78,"column":71}},"38":{"start":{"line":79,"column":4},"end":{"line":79,"column":30}},"39":{"start":{"line":81,"column":31},"end":{"line":81,"column":55}},"40":{"start":{"line":82,"column":21},"end":{"line":82,"column":91}},"41":{"start":{"line":82,"column":61},"end":{"line":82,"column":90}},"42":{"start":{"line":83,"column":18},"end":{"line":83,"column":63}},"43":{"start":{"line":85,"column":4},"end":{"line":85,"column":58}},"44":{"start":{"line":87,"column":4},"end":{"line":93,"column":6}},"45":{"start":{"line":88,"column":8},"end":{"line":92,"column":9}},"46":{"start":{"line":89,"column":11},"end":{"line":89,"column":64}},"47":{"start":{"line":91,"column":12},"end":{"line":91,"column":40}},"48":{"start":{"line":98,"column":22},"end":{"line":98,"column":68}},"49":{"start":{"line":99,"column":4},"end":{"line":113,"column":5}},"50":{"start":{"line":100,"column":8},"end":{"line":104,"column":10}},"51":{"start":{"line":101,"column":12},"end":{"line":101,"column":88}},"52":{"start":{"line":101,"column":20},"end":{"line":101,"column":88}},"53":{"start":{"line":102,"column":12},"end":{"line":102,"column":31}},"54":{"start":{"line":103,"column":12},"end":{"line":103,"column":38}},"55":{"start":{"line":106,"column":32},"end":{"line":106,"column":53}},"56":{"start":{"line":107,"column":8},"end":{"line":107,"column":40}},"57":{"start":{"line":108,"column":8},"end":{"line":112,"column":11}},"58":{"start":{"line":109,"column":12},"end":{"line":109,"column":88}},"59":{"start":{"line":109,"column":20},"end":{"line":109,"column":88}},"60":{"start":{"line":110,"column":12},"end":{"line":110,"column":31}},"61":{"start":{"line":111,"column":12},"end":{"line":111,"column":38}},"62":{"start":{"line":120,"column":0},"end":{"line":120,"column":23}}},"fnMap":{"0":{"name":"(anonymous_0)","decl":{"start":{"line":10,"column":15},"end":{"line":10,"column":16}},"loc":{"start":{"line":10,"column":27},"end":{"line":12,"column":1}},"line":10},"1":{"name":"(anonymous_1)","decl":{"start":{"line":15,"column":20},"end":{"line":15,"column":21}},"loc":{"start":{"line":15,"column":32},"end":{"line":20,"column":1}},"line":15},"2":{"name":"(anonymous_2)","decl":{"start":{"line":23,"column":21},"end":{"line":23,"column":22}},"loc":{"start":{"line":23,"column":33},"end":{"line":49,"column":1}},"line":23},"3":{"name":"(anonymous_3)","decl":{"start":{"line":52,"column":24},"end":{"line":52,"column":25}},"loc":{"start":{"line":52,"column":36},"end":{"line":61,"column":1}},"line":52},"4":{"name":"(anonymous_4)","decl":{"start":{"line":56,"column":54},"end":{"line":56,"column":55}},"loc":{"start":{"line":56,"column":63},"end":{"line":56,"column":88}},"line":56},"5":{"name":"(anonymous_5)","decl":{"start":{"line":63,"column":36},"end":{"line":63,"column":37}},"loc":{"start":{"line":63,"column":48},"end":{"line":95,"column":1}},"line":63},"6":{"name":"(anonymous_6)","decl":{"start":{"line":82,"column":53},"end":{"line":82,"column":54}},"loc":{"start":{"line":82,"column":61},"end":{"line":82,"column":90}},"line":82},"7":{"name":"(anonymous_7)","decl":{"start":{"line":87,"column":74},"end":{"line":87,"column":75}},"loc":{"start":{"line":87,"column":81},"end":{"line":93,"column":5}},"line":87},"8":{"name":"savePost","decl":{"start":{"line":97,"column":9},"end":{"line":97,"column":17}},"loc":{"start":{"line":97,"column":41},"end":{"line":114,"column":1}},"line":97},"9":{"name":"(anonymous_9)","decl":{"start":{"line":100,"column":71},"end":{"line":100,"column":72}},"loc":{"start":{"line":100,"column":78},"end":{"line":104,"column":9}},"line":100},"10":{"name":"(anonymous_10)","decl":{"start":{"line":108,"column":76},"end":{"line":108,"column":77}},"loc":{"start":{"line":108,"column":83},"end":{"line":112,"column":9}},"line":108}},"branchMap":{"0":{"loc":{"start":{"line":17,"column":4},"end":{"line":17,"column":84}},"type":"if","locations":[{"start":{"line":17,"column":4},"end":{"line":17,"column":84}},{"start":{"line":17,"column":4},"end":{"line":17,"column":84}}],"line":17},"1":{"loc":{"start":{"line":30,"column":5},"end":{"line":32,"column":6}},"type":"if","locations":[{"start":{"line":30,"column":5},"end":{"line":32,"column":6}},{"start":{"line":30,"column":5},"end":{"line":32,"column":6}}],"line":30},"2":{"loc":{"start":{"line":54,"column":4},"end":{"line":54,"column":84}},"type":"if","locations":[{"start":{"line":54,"column":4},"end":{"line":54,"column":84}},{"start":{"line":54,"column":4},"end":{"line":54,"column":84}}],"line":54},"3":{"loc":{"start":{"line":58,"column":4},"end":{"line":58,"column":87}},"type":"if","locations":[{"start":{"line":58,"column":4},"end":{"line":58,"column":87}},{"start":{"line":58,"column":4},"end":{"line":58,"column":87}}],"line":58},"4":{"loc":{"start":{"line":71,"column":4},"end":{"line":71,"column":81}},"type":"if","locations":[{"start":{"line":71,"column":4},"end":{"line":71,"column":81}},{"start":{"line":71,"column":4},"end":{"line":71,"column":81}}],"line":71},"5":{"loc":{"start":{"line":88,"column":8},"end":{"line":92,"column":9}},"type":"if","locations":[{"start":{"line":88,"column":8},"end":{"line":92,"column":9}},{"start":{"line":88,"column":8},"end":{"line":92,"column":9}}],"line":88},"6":{"loc":{"start":{"line":99,"column":4},"end":{"line":113,"column":5}},"type":"if","locations":[{"start":{"line":99,"column":4},"end":{"line":113,"column":5}},{"start":{"line":99,"column":4},"end":{"line":113,"column":5}}],"line":99},"7":{"loc":{"start":{"line":101,"column":12},"end":{"line":101,"column":88}},"type":"if","locations":[{"start":{"line":101,"column":12},"end":{"line":101,"column":88}},{"start":{"line":101,"column":12},"end":{"line":101,"column":88}}],"line":101},"8":{"loc":{"start":{"line":109,"column":12},"end":{"line":109,"column":88}},"type":"if","locations":[{"start":{"line":109,"column":12},"end":{"line":109,"column":88}},{"start":{"line":109,"column":12},"end":{"line":109,"column":88}}],"line":109}},"s":{"0":2,"1":2,"2":2,"3":2,"4":2,"5":2,"6":2,"7":0,"8":2,"9":1,"10":1,"11":0,"12":1,"13":2,"14":1,"15":1,"16":1,"17":0,"18":1,"19":1,"20":1,"21":2,"22":1,"23":1,"24":0,"25":1,"26":1,"27":45,"28":1,"29":0,"30":1,"31":2,"32":0,"33":0,"34":0,"35":0,"36":0,"37":0,"38":0,"39":0,"40":0,"41":0,"42":0,"43":0,"44":0,"45":0,"46":0,"47":0,"48":1,"49":1,"50":0,"51":0,"52":0,"53":0,"54":0,"55":1,"56":1,"57":1,"58":1,"59":0,"60":1,"61":1,"62":2},"f":{"0":0,"1":1,"2":1,"3":1,"4":45,"5":0,"6":0,"7":0,"8":1,"9":0,"10":1},"b":{"0":[0,1],"1":[0,1],"2":[0,1],"3":[0,1],"4":[0,0],"5":[0,0],"6":[0,1],"7":[0,0],"8":[0,1]},"_coverageSchema":"1a1c01bbd47fc00a2c39e90264f33305004495a9","hash":"b7f1a17704cba63c910e398a0666b51668cd85c0"}
}
