TN:
SF:server.js
FNF:0
FNH:0
DA:1,2
DA:2,2
DA:3,2
DA:4,2
DA:8,2
DA:9,2
DA:11,2
DA:16,2
LF:8
LH:8
BRF:0
BRH:0
end_of_record
TN:
SF:controllers/postRoutes.js
FN:10,(anonymous_0)
FN:15,(anonymous_1)
FN:23,(anonymous_2)
FN:52,(anonymous_3)
FN:56,(anonymous_4)
FN:63,(anonymous_5)
FN:82,(anonymous_6)
FN:87,(anonymous_7)
FN:97,savePost
FN:100,(anonymous_9)
FN:108,(anonymous_10)
FNF:11
FNH:6
FNDA:0,(anonymous_0)
FNDA:1,(anonymous_1)
FNDA:1,(anonymous_2)
FNDA:1,(anonymous_3)
FNDA:45,(anonymous_4)
FNDA:0,(anonymous_5)
FNDA:0,(anonymous_6)
FNDA:0,(anonymous_7)
FNDA:1,savePost
FNDA:0,(anonymous_9)
FNDA:1,(anonymous_10)
DA:1,2
DA:2,2
DA:3,2
DA:4,2
DA:5,2
DA:6,2
DA:10,2
DA:11,0
DA:15,2
DA:16,1
DA:17,1
DA:19,1
DA:23,2
DA:25,1
DA:29,1
DA:30,1
DA:31,0
DA:34,1
DA:38,1
DA:46,1
DA:52,2
DA:53,1
DA:54,1
DA:55,1
DA:56,45
DA:58,1
DA:59,1
DA:63,2
DA:65,0
DA:69,0
DA:71,0
DA:73,0
DA:78,0
DA:79,0
DA:81,0
DA:82,0
DA:83,0
DA:85,0
DA:87,0
DA:88,0
DA:89,0
DA:91,0
DA:98,1
DA:99,1
DA:100,0
DA:101,0
DA:102,0
DA:103,0
DA:106,1
DA:107,1
DA:108,1
DA:109,1
DA:110,1
DA:111,1
DA:120,2
LF:55
LH:35
BRDA:17,0,0,0
BRDA:17,0,1,1
BRDA:30,1,0,0
BRDA:30,1,1,1
BRDA:54,2,0,0
BRDA:54,2,1,1
BRDA:58,3,0,0
BRDA:58,3,1,1
BRDA:71,4,0,0
BRDA:71,4,1,0
BRDA:88,5,0,0
BRDA:88,5,1,0
BRDA:99,6,0,0
BRDA:99,6,1,1
BRDA:101,7,0,0
BRDA:101,7,1,0
BRDA:109,8,0,0
BRDA:109,8,1,1
BRF:18
BRH:6
end_of_record
