TN:
SF:server.js
FNF:0
FNH:0
DA:1,1
DA:2,1
DA:3,1
DA:4,1
DA:5,1
DA:8,1
DA:9,1
DA:11,1
DA:16,1
LF:9
LH:9
BRF:0
BRH:0
end_of_record
TN:
SF:controllers/postRoutes.js
FN:8,(anonymous_0)
FN:13,(anonymous_1)
FN:23,(anonymous_2)
FN:51,(anonymous_3)
FN:57,(anonymous_4)
FN:65,(anonymous_5)
FN:83,(anonymous_6)
FN:92,(anonymous_7)
FN:103,(anonymous_8)
FN:108,(anonymous_9)
FN:117,(anonymous_10)
FN:125,(anonymous_11)
FN:134,(anonymous_12)
FN:143,(anonymous_13)
FN:151,(anonymous_14)
FN:160,(anonymous_15)
FN:170,(anonymous_16)
FN:178,(anonymous_17)
FN:187,(anonymous_18)
FN:197,savePost
FN:200,(anonymous_20)
FN:211,(anonymous_21)
FNF:22
FNH:8
FNDA:0,(anonymous_0)
FNDA:1,(anonymous_1)
FNDA:1,(anonymous_2)
FNDA:1,(anonymous_3)
FNDA:106,(anonymous_4)
FNDA:0,(anonymous_5)
FNDA:0,(anonymous_6)
FNDA:0,(anonymous_7)
FNDA:1,(anonymous_8)
FNDA:105,(anonymous_9)
FNDA:0,(anonymous_10)
FNDA:0,(anonymous_11)
FNDA:0,(anonymous_12)
FNDA:0,(anonymous_13)
FNDA:0,(anonymous_14)
FNDA:0,(anonymous_15)
FNDA:0,(anonymous_16)
FNDA:0,(anonymous_17)
FNDA:0,(anonymous_18)
FNDA:1,savePost
FNDA:0,(anonymous_20)
FNDA:1,(anonymous_21)
DA:1,1
DA:2,1
DA:3,1
DA:4,1
DA:5,1
DA:6,1
DA:8,1
DA:9,0
DA:13,1
DA:14,1
DA:15,1
DA:17,1
DA:19,1
DA:23,1
DA:24,1
DA:28,1
DA:29,1
DA:30,0
DA:33,1
DA:37,1
DA:47,1
DA:51,1
DA:52,1
DA:53,1
DA:54,0
DA:55,1
DA:56,1
DA:57,106
DA:60,1
DA:61,0
DA:62,1
DA:65,1
DA:66,0
DA:70,0
DA:72,0
DA:74,0
DA:79,0
DA:81,0
DA:82,0
DA:83,0
DA:85,0
DA:87,0
DA:89,0
DA:93,0
DA:94,0
DA:96,0
DA:103,1
DA:104,1
DA:106,1
DA:108,1
DA:109,105
DA:112,1
DA:114,0
DA:117,1
DA:118,0
DA:121,0
DA:123,0
DA:124,0
DA:125,0
DA:127,0
DA:128,0
DA:129,0
DA:131,0
DA:135,0
DA:136,0
DA:138,0
DA:143,1
DA:144,0
DA:147,0
DA:149,0
DA:150,0
DA:151,0
DA:153,0
DA:154,0
DA:155,0
DA:157,0
DA:161,0
DA:162,0
DA:164,0
DA:170,1
DA:171,0
DA:174,0
DA:176,0
DA:177,0
DA:178,0
DA:180,0
DA:181,0
DA:182,0
DA:184,0
DA:188,0
DA:189,0
DA:191,0
DA:198,1
DA:199,1
DA:200,0
DA:201,0
DA:202,0
DA:203,0
DA:206,1
DA:207,1
DA:208,1
DA:212,1
DA:213,1
DA:214,1
DA:220,1
LF:105
LH:46
BRDA:15,0,0,0
BRDA:15,0,1,1
BRDA:29,1,0,0
BRDA:29,1,1,1
BRDA:53,2,0,0
BRDA:53,2,1,1
BRDA:60,3,0,0
BRDA:60,3,1,1
BRDA:72,4,0,0
BRDA:72,4,1,0
BRDA:93,5,0,0
BRDA:93,5,1,0
BRDA:112,6,0,1
BRDA:112,6,1,0
BRDA:135,7,0,0
BRDA:135,7,1,0
BRDA:161,8,0,0
BRDA:161,8,1,0
BRDA:188,9,0,0
BRDA:188,9,1,0
BRDA:199,10,0,0
BRDA:199,10,1,1
BRDA:201,11,0,0
BRDA:201,11,1,0
BRDA:212,12,0,0
BRDA:212,12,1,1
BRF:26
BRH:7
end_of_record
